#
# There is insufficient memory for the Java Runtime Environment to continue.
# Native memory allocation (malloc) failed to allocate 2097152 bytes for AllocateHeap
# Possible reasons:
#   The system is out of physical RAM or swap space
#   The process is running with CompressedOops enabled, and the Java Heap may be blocking the growth of the native heap
# Possible solutions:
#   Reduce memory load on the system
#   Increase physical memory or swap space
#   Check if swap backing store is full
#   Decrease Java heap size (-Xmx/-Xms)
#   Decrease number of Java threads
#   Decrease Java thread stack sizes (-Xss)
#   Set larger code cache with -XX:ReservedCodeCacheSize=
#   JVM is running with Zero Based Compressed Oops mode in which the Java heap is
#     placed in the first 32GB address space. The Java Heap base address is the
#     maximum limit for the native heap growth. Please use -XX:HeapBaseMinAddress
#     to set the Java Heap base and to place the Java Heap above 32GB virtual address.
# This output file may be truncated or incomplete.
#
#  Out of Memory Error (allocation.cpp:44), pid=15540, tid=5492
#
# JRE version: OpenJDK Runtime Environment Temurin-17.0.3+7 (17.0.3+7) (build 17.0.3+7)
# Java VM: OpenJDK 64-Bit Server VM Temurin-17.0.3+7 (17.0.3+7, mixed mode, emulated-client, tiered, compressed oops, compressed class ptrs, g1 gc, windows-amd64)
# No core dump will be written. Minidumps are not enabled by default on client versions of Windows
#

---------------  S U M M A R Y ------------

Command Line: -Dsts.lsp.client=vscode -Dsts.log.file=/dev/null -XX:TieredStopAtLevel=1 -Dspring.config.location=file:c:\Users\reybe\.vscode\extensions\pivotal.vscode-spring-boot-1.38.0\language-server\BOOT-INF\classes\application.properties org.springframework.ide.vscode.boot.app.BootLanguageServerBootApp

Host: AMD Ryzen 5 3500U with Radeon Vega Mobile Gfx  , 8 cores, 9G,  Windows 10 , 64 bit Build 19041 (10.0.19041.1889)
Time: Tue Aug 30 10:38:41 2022 Hora est. Pacífico, Sudamérica elapsed time: 4917.359432 seconds (0d 1h 21m 57s)

---------------  T H R E A D  ---------------

Current thread (0x0000022eef854650):  VMThread "VM Thread" [stack: 0x000000c00ec00000,0x000000c00ed00000] [id=5492]

Stack: [0x000000c00ec00000,0x000000c00ed00000]
Native frames: (J=compiled Java code, j=interpreted, Vv=VM code, C=native code)
V  [jvm.dll+0x675efa]
V  [jvm.dll+0x830a24]
V  [jvm.dll+0x8321ce]
V  [jvm.dll+0x832833]
V  [jvm.dll+0x2454b5]
V  [jvm.dll+0xa6393]
V  [jvm.dll+0x2f5651]
V  [jvm.dll+0x2f12d0]
V  [jvm.dll+0x2d99b7]
V  [jvm.dll+0x31cac7]
V  [jvm.dll+0x836cdb]
V  [jvm.dll+0x837a14]
V  [jvm.dll+0x837f2c]
V  [jvm.dll+0x838304]
V  [jvm.dll+0x8383d0]
V  [jvm.dll+0x7e0cfa]
V  [jvm.dll+0x674d85]
C  [ucrtbase.dll+0x21bb2]
C  [KERNEL32.DLL+0x17034]
C  [ntdll.dll+0x52651]

VM_Operation (0x000000c0113fed10): G1CollectFull, mode: safepoint, requested by thread 0x0000022ef1dbc160


---------------  P R O C E S S  ---------------

Threads class SMR info:
_java_thread_list=0x0000022ef2795080, length=22, elements={
0x0000022eef86a740, 0x0000022eef86be90, 0x0000022eef8a1130, 0x0000022eef8a3eb0,
0x0000022eef8a5870, 0x0000022ef0409890, 0x0000022ef040ac70, 0x0000022eef8a8180,
0x0000022ef061f040, 0x0000022ef0633010, 0x0000022ef1dbc160, 0x0000022ef1dbc630,
0x0000022ef1dbcb00, 0x0000022ef1dbd970, 0x0000022ef1dbcfd0, 0x0000022ef1dbd4a0,
0x0000022ef410d620, 0x0000022ef410daf0, 0x0000022ef4109c60, 0x0000022ef410d150,
0x0000022ef4109790, 0x0000022ef410b470
}

Java Threads: ( => current thread )
  0x0000022eef86a740 JavaThread "Reference Handler" daemon [_thread_blocked, id=12228, stack(0x000000c00ed00000,0x000000c00ee00000)]
  0x0000022eef86be90 JavaThread "Finalizer" daemon [_thread_blocked, id=22876, stack(0x000000c00ee00000,0x000000c00ef00000)]
  0x0000022eef8a1130 JavaThread "Signal Dispatcher" daemon [_thread_blocked, id=19268, stack(0x000000c00f000000,0x000000c00f100000)]
  0x0000022eef8a3eb0 JavaThread "Attach Listener" daemon [_thread_blocked, id=19296, stack(0x000000c00f100000,0x000000c00f200000)]
  0x0000022eef8a5870 JavaThread "Service Thread" daemon [_thread_blocked, id=11144, stack(0x000000c00f200000,0x000000c00f300000)]
  0x0000022ef0409890 JavaThread "Monitor Deflation Thread" daemon [_thread_blocked, id=5144, stack(0x000000c00f300000,0x000000c00f400000)]
  0x0000022ef040ac70 JavaThread "C1 CompilerThread0" daemon [_thread_blocked, id=9440, stack(0x000000c00f400000,0x000000c00f500000)]
  0x0000022eef8a8180 JavaThread "Sweeper thread" daemon [_thread_blocked, id=13016, stack(0x000000c00f500000,0x000000c00f600000)]
  0x0000022ef061f040 JavaThread "Notification Thread" daemon [_thread_blocked, id=15688, stack(0x000000c00f700000,0x000000c00f800000)]
  0x0000022ef0633010 JavaThread "Common-Cleaner" daemon [_thread_blocked, id=11360, stack(0x000000c00f900000,0x000000c00fa00000)]
  0x0000022ef1dbc160 JavaThread "pool-7-thread-1" [_thread_blocked, id=20916, stack(0x000000c011300000,0x000000c011400000)]
  0x0000022ef1dbc630 JavaThread "LanguageServerApp-lifecycle" [_thread_blocked, id=22504, stack(0x000000c011400000,0x000000c011500000)]
  0x0000022ef1dbcb00 JavaThread "DestroyJavaVM" [_thread_blocked, id=22396, stack(0x000000c00e600000,0x000000c00e700000)]
  0x0000022ef1dbd970 JavaThread "pool-8-thread-1" [_thread_blocked, id=11860, stack(0x000000c011600000,0x000000c011700000)]
  0x0000022ef1dbcfd0 JavaThread "Simple-Language-Server main thread" daemon [_thread_blocked, id=22724, stack(0x000000c011700000,0x000000c011800000)]
  0x0000022ef1dbd4a0 JavaThread "pool-5-thread-1" [_thread_blocked, id=23404, stack(0x000000c011800000,0x000000c011900000)]
  0x0000022ef410d620 JavaThread "parallel-1" daemon [_thread_blocked, id=16468, stack(0x000000c011900000,0x000000c011a00000)]
  0x0000022ef410daf0 JavaThread "parallel-2" daemon [_thread_blocked, id=11584, stack(0x000000c011a00000,0x000000c011b00000)]
  0x0000022ef4109c60 JavaThread "Reconciler-1" daemon [_thread_blocked, id=22640, stack(0x000000c011b00000,0x000000c011c00000)]
  0x0000022ef410d150 JavaThread "parallel-3" daemon [_thread_blocked, id=13988, stack(0x000000c011c00000,0x000000c011d00000)]
  0x0000022ef4109790 JavaThread "parallel-4" daemon [_thread_blocked, id=19012, stack(0x000000c011f00000,0x000000c012000000)]
  0x0000022ef410b470 JavaThread "pool-3-thread-1" [_thread_blocked, id=272, stack(0x000000c012400000,0x000000c012500000)]

Other Threads:
=>0x0000022eef854650 VMThread "VM Thread" [stack: 0x000000c00ec00000,0x000000c00ed00000] [id=5492]
  0x0000022ef061f510 WatcherThread [stack: 0x000000c00f800000,0x000000c00f900000] [id=16096]
  0x0000022edf1f4e40 GCTaskThread "GC Thread#0" [stack: 0x000000c00e700000,0x000000c00e800000] [id=19276]
  0x0000022ef0f46e50 GCTaskThread "GC Thread#1" [stack: 0x000000c00fc00000,0x000000c00fd00000] [id=1592]
  0x0000022ef0f47100 GCTaskThread "GC Thread#2" [stack: 0x000000c00fd00000,0x000000c00fe00000] [id=16856]
  0x0000022ef0f6d3c0 GCTaskThread "GC Thread#3" [stack: 0x000000c00fe00000,0x000000c00ff00000] [id=12988]
  0x0000022ef0f6da80 GCTaskThread "GC Thread#4" [stack: 0x000000c00ff00000,0x000000c010000000] [id=17460]
  0x0000022ef0f6e540 GCTaskThread "GC Thread#5" [stack: 0x000000c010000000,0x000000c010100000] [id=21516]
  0x0000022ef198a620 GCTaskThread "GC Thread#6" [stack: 0x000000c010200000,0x000000c010300000] [id=6320]
  0x0000022ef198a8d0 GCTaskThread "GC Thread#7" [stack: 0x000000c010300000,0x000000c010400000] [id=23316]
  0x0000022edf1ffcc0 ConcurrentGCThread "G1 Main Marker" [stack: 0x000000c00e800000,0x000000c00e900000] [id=9388]
  0x0000022edf2016e0 ConcurrentGCThread "G1 Conc#0" [stack: 0x000000c00e900000,0x000000c00ea00000] [id=15936]
  0x0000022ef1b0e870 ConcurrentGCThread "G1 Conc#1" [stack: 0x000000c010400000,0x000000c010500000] [id=3200]
  0x0000022edf26e3c0 ConcurrentGCThread "G1 Refine#0" [stack: 0x000000c00ea00000,0x000000c00eb00000] [id=9936]
  0x0000022ef25988c0 ConcurrentGCThread "G1 Refine#1" [stack: 0x000000c011500000,0x000000c011600000] [id=5976]
  0x0000022ef400d500 ConcurrentGCThread "G1 Refine#2" [stack: 0x000000c012300000,0x000000c012400000] [id=8204]
  0x0000022ef27c9d40 ConcurrentGCThread "G1 Refine#3" [stack: 0x000000c00fa00000,0x000000c00fb00000] [id=812]
  0x0000022ef40d7340 ConcurrentGCThread "G1 Refine#4" [stack: 0x000000c010600000,0x000000c010700000] [id=15096]
  0x0000022ef40d8d20 ConcurrentGCThread "G1 Refine#5" [stack: 0x000000c010700000,0x000000c010800000] [id=2736]
  0x0000022ef40d7900 ConcurrentGCThread "G1 Refine#6" [stack: 0x000000c010800000,0x000000c010900000] [id=16176]
  0x0000022ef40d7620 ConcurrentGCThread "G1 Refine#7" [stack: 0x000000c010900000,0x000000c010a00000] [id=19840]
  0x0000022eef6d0090 ConcurrentGCThread "G1 Service" [stack: 0x000000c00eb00000,0x000000c00ec00000] [id=13252]

Threads with active compile tasks:

VM state: at safepoint (normal execution)

VM Mutex/Monitor currently owned by a thread:  ([mutex/lock_event])
[0x0000022edefc7080] Threads_lock - owner thread: 0x0000022eef854650
[0x0000022edf1a8840] Heap_lock - owner thread: 0x0000022ef1dbc160

Heap address: 0x0000000760c00000, size: 2548 MB, Compressed Oops mode: Zero based, Oop shift amount: 3

CDS archive(s) not mapped
Compressed class space mapped at: 0x0000000800000000-0x0000000840000000, reserved size: 1073741824
Narrow klass base: 0x0000000800000000, Narrow klass shift: 0, Narrow klass range: 0x40000000

GC Precious Log:
 CPUs: 8 total, 8 available
 Memory: 10187M
 Large Page Support: Disabled
 NUMA Support: Disabled
 Compressed Oops: Enabled (Zero based)
 Heap Region Size: 2M
 Heap Min Capacity: 8M
 Heap Initial Capacity: 160M
 Heap Max Capacity: 2548M
 Pre-touch: Disabled
 Parallel Workers: 8
 Concurrent Workers: 2
 Concurrent Refinement Workers: 8
 Periodic GC: Disabled

Heap:
 garbage-first heap   total 110592K, used 32298K [0x0000000760c00000, 0x0000000800000000)
  region size 2048K, 1 young (2048K), 0 survivors (0K)
 Metaspace       used 45275K, committed 45760K, reserved 1089536K
  class space    used 6135K, committed 6336K, reserved 1048576K

Heap Regions: E=young(eden), S=young(survivor), O=old, HS=humongous(starts), HC=humongous(continues), CS=collection set, F=free, OA=open archive, CA=closed archive, TAMS=top-at-mark-start (previous, next)
|   0|0x0000000760c00000, 0x0000000760e00000, 0x0000000760e00000|100%| O|  |TAMS 0x0000000760e00000, 0x0000000760c00000| Untracked 
|   1|0x0000000760e00000, 0x0000000761000000, 0x0000000761000000|100%| O|  |TAMS 0x0000000761000000, 0x0000000760e00000| Untracked 
|   2|0x0000000761000000, 0x0000000761200000, 0x0000000761200000|100%| O|  |TAMS 0x0000000761200000, 0x0000000761000000| Untracked 
|   3|0x0000000761200000, 0x0000000761400000, 0x0000000761400000|100%| O|  |TAMS 0x0000000761400000, 0x0000000761200000| Untracked 
|   4|0x0000000761400000, 0x00000007615fffe8, 0x0000000761600000| 99%| O|  |TAMS 0x00000007615fffe8, 0x0000000761400000| Untracked 
|   5|0x0000000761600000, 0x00000007617fffe8, 0x0000000761800000| 99%| O|  |TAMS 0x00000007617fffe8, 0x0000000761600000| Untracked 
|   6|0x0000000761800000, 0x00000007619fffe8, 0x0000000761a00000| 99%| O|  |TAMS 0x00000007619fffe8, 0x0000000761800000| Untracked 
|   7|0x0000000761a00000, 0x0000000761bfffe0, 0x0000000761c00000| 99%| O|  |TAMS 0x0000000761bfffe0, 0x0000000761a00000| Untracked 
|   8|0x0000000761c00000, 0x0000000761dfffd8, 0x0000000761e00000| 99%| O|  |TAMS 0x0000000761dfffd8, 0x0000000761c00000| Untracked 
|   9|0x0000000761e00000, 0x0000000761feb3b8, 0x0000000762000000| 95%| O|  |TAMS 0x0000000761feb3b8, 0x0000000761e00000| Untracked 
|  10|0x0000000762000000, 0x00000007621fffe8, 0x0000000762200000| 99%| O|  |TAMS 0x00000007621fffe8, 0x0000000762000000| Untracked 
|  11|0x0000000762200000, 0x00000007623b6208, 0x0000000762400000| 85%| O|  |TAMS 0x0000000762200000, 0x0000000762200000| Untracked 
|  12|0x0000000762400000, 0x00000007625ffff0, 0x0000000762600000| 99%| O|  |TAMS 0x00000007625ffff0, 0x0000000762400000| Untracked 
|  13|0x0000000762600000, 0x00000007627e9310, 0x0000000762800000| 95%| O|  |TAMS 0x00000007627e9310, 0x0000000762600000| Untracked 
|  14|0x0000000762800000, 0x00000007629fffd8, 0x0000000762a00000| 99%| O|  |TAMS 0x00000007629fffd8, 0x0000000762800000| Untracked 
|  15|0x0000000762a00000, 0x0000000762a00208, 0x0000000762c00000|  0%| O|  |TAMS 0x0000000762a00000, 0x0000000762a00000| Untracked 
|  16|0x0000000762c00000, 0x0000000762c00000, 0x0000000762e00000|  0%| F|  |TAMS 0x0000000762c00000, 0x0000000762c00000| Untracked 
|  17|0x0000000762e00000, 0x0000000762fffff0, 0x0000000763000000| 99%| O|  |TAMS 0x0000000762fffff0, 0x0000000762e00000| Untracked 
|  18|0x0000000763000000, 0x0000000763000000, 0x0000000763200000|  0%| F|  |TAMS 0x0000000763000000, 0x0000000763000000| Untracked 
|  19|0x0000000763200000, 0x0000000763200000, 0x0000000763400000|  0%| F|  |TAMS 0x0000000763200000, 0x0000000763200000| Untracked 
|  20|0x0000000763400000, 0x0000000763400000, 0x0000000763600000|  0%| F|  |TAMS 0x0000000763400000, 0x0000000763400000| Untracked 
|  21|0x0000000763600000, 0x0000000763600000, 0x0000000763800000|  0%| F|  |TAMS 0x0000000763600000, 0x0000000763600000| Untracked 
|  22|0x0000000763800000, 0x0000000763800000, 0x0000000763a00000|  0%| F|  |TAMS 0x0000000763800000, 0x0000000763800000| Untracked 
|  23|0x0000000763a00000, 0x0000000763a00000, 0x0000000763c00000|  0%| F|  |TAMS 0x0000000763a00000, 0x0000000763a00000| Untracked 
|  24|0x0000000763c00000, 0x0000000763c00000, 0x0000000763e00000|  0%| F|  |TAMS 0x0000000763c00000, 0x0000000763c00000| Untracked 
|  25|0x0000000763e00000, 0x0000000763e00000, 0x0000000764000000|  0%| F|  |TAMS 0x0000000763e00000, 0x0000000763e00000| Untracked 
|  26|0x0000000764000000, 0x0000000764000000, 0x0000000764200000|  0%| F|  |TAMS 0x0000000764000000, 0x0000000764000000| Untracked 
|  27|0x0000000764200000, 0x0000000764200000, 0x0000000764400000|  0%| F|  |TAMS 0x0000000764200000, 0x0000000764200000| Untracked 
|  28|0x0000000764400000, 0x0000000764400000, 0x0000000764600000|  0%| F|  |TAMS 0x0000000764400000, 0x0000000764400000| Untracked 
|  29|0x0000000764600000, 0x0000000764600000, 0x0000000764800000|  0%| F|  |TAMS 0x0000000764600000, 0x0000000764600000| Untracked 
|  30|0x0000000764800000, 0x0000000764800000, 0x0000000764a00000|  0%| F|  |TAMS 0x0000000764800000, 0x0000000764800000| Untracked 
|  31|0x0000000764a00000, 0x0000000764a00000, 0x0000000764c00000|  0%| F|  |TAMS 0x0000000764a00000, 0x0000000764a00000| Untracked 
|  32|0x0000000764c00000, 0x0000000764c00000, 0x0000000764e00000|  0%| F|  |TAMS 0x0000000764c00000, 0x0000000764c00000| Untracked 
|  33|0x0000000764e00000, 0x0000000764e00000, 0x0000000765000000|  0%| F|  |TAMS 0x0000000764e00000, 0x0000000764e00000| Untracked 
|  34|0x0000000765000000, 0x0000000765000000, 0x0000000765200000|  0%| F|  |TAMS 0x0000000765000000, 0x0000000765000000| Untracked 
|  35|0x0000000765200000, 0x0000000765200000, 0x0000000765400000|  0%| F|  |TAMS 0x0000000765200000, 0x0000000765200000| Untracked 
|  36|0x0000000765400000, 0x0000000765400000, 0x0000000765600000|  0%| F|  |TAMS 0x0000000765400000, 0x0000000765400000| Untracked 
|  37|0x0000000765600000, 0x0000000765600000, 0x0000000765800000|  0%| F|  |TAMS 0x0000000765600000, 0x0000000765600000| Untracked 
|  38|0x0000000765800000, 0x0000000765800000, 0x0000000765a00000|  0%| F|  |TAMS 0x0000000765800000, 0x0000000765800000| Untracked 
|  39|0x0000000765a00000, 0x0000000765a00000, 0x0000000765c00000|  0%| F|  |TAMS 0x0000000765a00000, 0x0000000765a00000| Untracked 
|  40|0x0000000765c00000, 0x0000000765c00000, 0x0000000765e00000|  0%| F|  |TAMS 0x0000000765c00000, 0x0000000765c00000| Untracked 
|  41|0x0000000765e00000, 0x0000000765e00000, 0x0000000766000000|  0%| F|  |TAMS 0x0000000765e00000, 0x0000000765e00000| Untracked 
|  42|0x0000000766000000, 0x0000000766000000, 0x0000000766200000|  0%| F|  |TAMS 0x0000000766000000, 0x0000000766000000| Untracked 
|  43|0x0000000766200000, 0x0000000766200000, 0x0000000766400000|  0%| F|  |TAMS 0x0000000766200000, 0x0000000766200000| Untracked 
|  44|0x0000000766400000, 0x0000000766400000, 0x0000000766600000|  0%| F|  |TAMS 0x0000000766400000, 0x0000000766400000| Untracked 
|  45|0x0000000766600000, 0x0000000766600000, 0x0000000766800000|  0%| F|  |TAMS 0x0000000766600000, 0x0000000766600000| Untracked 
|  46|0x0000000766800000, 0x0000000766800000, 0x0000000766a00000|  0%| F|  |TAMS 0x0000000766800000, 0x0000000766800000| Untracked 
|  47|0x0000000766a00000, 0x0000000766a00000, 0x0000000766c00000|  0%| F|  |TAMS 0x0000000766a00000, 0x0000000766a00000| Untracked 
|  48|0x0000000766c00000, 0x0000000766c00000, 0x0000000766e00000|  0%| F|  |TAMS 0x0000000766c00000, 0x0000000766c00000| Untracked 
|  49|0x0000000766e00000, 0x0000000766e00000, 0x0000000767000000|  0%| F|  |TAMS 0x0000000766e00000, 0x0000000766e00000| Untracked 
|  50|0x0000000767000000, 0x0000000767000000, 0x0000000767200000|  0%| F|  |TAMS 0x0000000767000000, 0x0000000767000000| Untracked 
|  51|0x0000000767200000, 0x0000000767200000, 0x0000000767400000|  0%| F|  |TAMS 0x0000000767200000, 0x0000000767200000| Untracked 
|  52|0x0000000767400000, 0x0000000767400000, 0x0000000767600000|  0%| F|  |TAMS 0x0000000767400000, 0x0000000767400000| Untracked 
|  53|0x0000000767600000, 0x0000000767608fe0, 0x0000000767800000|  1%| E|  |TAMS 0x0000000767600000, 0x0000000767600000| Complete 

Card table byte_map: [0x0000022ee7430000,0x0000022ee7930000] _byte_map_base: 0x0000022ee392a000

Marking Bits (Prev, Next): (CMBitMap*) 0x0000022edf1f5490, (CMBitMap*) 0x0000022edf1f5450
 Prev Bits: [0x0000022eea600000, 0x0000022eecdd0000)
 Next Bits: [0x0000022ee7e30000, 0x0000022eea600000)

Polling page: 0x0000022edf280000

Metaspace:

Usage:
  Non-class:     38.22 MB used.
      Class:      5.99 MB used.
       Both:     44.21 MB used.

Virtual space:
  Non-class space:       40.00 MB reserved,      38.50 MB ( 96%) committed,  5 nodes.
      Class space:        1.00 GB reserved,       6.19 MB ( <1%) committed,  1 nodes.
             Both:        1.04 GB reserved,      44.69 MB (  4%) committed. 

Chunk freelists:
   Non-Class:  1.63 MB
       Class:  1.88 MB
        Both:  3.51 MB

MaxMetaspaceSize: unlimited
CompressedClassSpaceSize: 1.00 GB
Initial GC threshold: 21.00 MB
Current GC threshold: 74.50 MB
CDS: off
MetaspaceReclaimPolicy: balanced
 - commit_granule_bytes: 65536.
 - commit_granule_words: 8192.
 - virtual_space_node_default_size: 1048576.
 - enlarge_chunks_in_place: 1.
 - new_chunks_are_fully_committed: 0.
 - uncommit_free_chunks: 1.
 - use_allocation_guard: 0.
 - handle_deallocations: 1.


Internal statistics:

num_allocs_failed_limit: 3.
num_arena_births: 424.
num_arena_deaths: 120.
num_vsnodes_births: 6.
num_vsnodes_deaths: 0.
num_space_committed: 715.
num_space_uncommitted: 0.
num_chunks_returned_to_freelist: 140.
num_chunks_taken_from_freelist: 1809.
num_chunk_merges: 47.
num_chunk_splits: 1280.
num_chunks_enlarged: 1012.
num_purges: 8.
num_inconsistent_stats: 0.

CodeCache: size=49152Kb used=11649Kb max_used=13117Kb free=37502Kb
 bounds [0x0000022ee3640000, 0x0000022ee4310000, 0x0000022ee6640000]
 total_blobs=6711 nmethods=6147 adapters=490
 compilation: enabled
              stopped_count=0, restarted_count=0
 full_count=0

Compilation events (20 events):
Event: 2696.852 Thread 0x0000022ef040ac70 6132   !   1       java.lang.ProcessImpl::<init> (327 bytes)
Event: 2696.863 Thread 0x0000022ef040ac70 nmethod 6132 0x0000022ee41dc390 code [0x0000022ee41dc7a0, 0x0000022ee41ddb08]
Event: 2697.011 Thread 0x0000022ef040ac70 6137   !   1       java.io.FilterOutputStream::close (183 bytes)
Event: 2697.071 Thread 0x0000022ef040ac70 nmethod 6137 0x0000022ee41db210 code [0x0000022ee41db420, 0x0000022ee41db918]
Event: 2697.071 Thread 0x0000022ef040ac70 6142       1       java.lang.ProcessImpl$$Lambda$596/0x0000000800375658::run (8 bytes)
Event: 2697.071 Thread 0x0000022ef040ac70 nmethod 6142 0x0000022ee41daf10 code [0x0000022ee41db0a0, 0x0000022ee41db188]
Event: 2697.071 Thread 0x0000022ef040ac70 6143       1       java.lang.ProcessImpl::lambda$new$0 (6 bytes)
Event: 2697.071 Thread 0x0000022ef040ac70 nmethod 6143 0x0000022ee41dac10 code [0x0000022ee41dada0, 0x0000022ee41dae68]
Event: 2697.071 Thread 0x0000022ef040ac70 6138   !   1       java.io.FileOutputStream::close (69 bytes)
Event: 2697.073 Thread 0x0000022ef040ac70 nmethod 6138 0x0000022ee41da590 code [0x0000022ee41da760, 0x0000022ee41daad8]
Event: 2697.073 Thread 0x0000022ef040ac70 6139       1       java.io.FileOutputStream$1::<init> (10 bytes)
Event: 2697.073 Thread 0x0000022ef040ac70 nmethod 6139 0x0000022ee41da290 code [0x0000022ee41da420, 0x0000022ee41da538]
Event: 2697.073 Thread 0x0000022ef040ac70 6140       1       java.io.FileOutputStream$1::close (11 bytes)
Event: 2697.074 Thread 0x0000022ef040ac70 nmethod 6140 0x0000022ee41d9c10 code [0x0000022ee41d9dc0, 0x0000022ee41da0d8]
Event: 4017.419 Thread 0x0000022ef040ac70 6146       1       java.lang.ProcessImpl$2::run (242 bytes)
Event: 4017.422 Thread 0x0000022ef040ac70 nmethod 6146 0x0000022ee41d7d10 code [0x0000022ee41d7fc0, 0x0000022ee41d8e18]
Event: 4017.422 Thread 0x0000022ef040ac70 6147       1       java.io.BufferedOutputStream::<init> (9 bytes)
Event: 4017.423 Thread 0x0000022ef040ac70 nmethod 6147 0x0000022ee41d7790 code [0x0000022ee41d7920, 0x0000022ee41d7c18]
Event: 4017.423 Thread 0x0000022ef040ac70 6148       1       java.lang.ProcessImpl::waitFor (136 bytes)
Event: 4017.424 Thread 0x0000022ef040ac70 nmethod 6148 0x0000022ee41d6f10 code [0x0000022ee41d7120, 0x0000022ee41d7538]

GC Heap History (20 events):
Event: 4811.816 GC heap before
{Heap before GC invocations=498 (full 460):
 garbage-first heap   total 110592K, used 32298K [0x0000000760c00000, 0x0000000800000000)
  region size 2048K, 1 young (2048K), 0 survivors (0K)
 Metaspace       used 45275K, committed 45760K, reserved 1089536K
  class space    used 6135K, committed 6336K, reserved 1048576K
}
Event: 4811.872 GC heap after
{Heap after GC invocations=499 (full 461):
 garbage-first heap   total 110592K, used 32298K [0x0000000760c00000, 0x0000000800000000)
  region size 2048K, 0 young (0K), 0 survivors (0K)
 Metaspace       used 45275K, committed 45760K, reserved 1089536K
  class space    used 6135K, committed 6336K, reserved 1048576K
}
Event: 4822.116 GC heap before
{Heap before GC invocations=499 (full 461):
 garbage-first heap   total 110592K, used 32298K [0x0000000760c00000, 0x0000000800000000)
  region size 2048K, 1 young (2048K), 0 survivors (0K)
 Metaspace       used 45275K, committed 45760K, reserved 1089536K
  class space    used 6135K, committed 6336K, reserved 1048576K
}
Event: 4822.159 GC heap after
{Heap after GC invocations=500 (full 462):
 garbage-first heap   total 110592K, used 32298K [0x0000000760c00000, 0x0000000800000000)
  region size 2048K, 0 young (0K), 0 survivors (0K)
 Metaspace       used 45275K, committed 45760K, reserved 1089536K
  class space    used 6135K, committed 6336K, reserved 1048576K
}
Event: 4832.415 GC heap before
{Heap before GC invocations=500 (full 462):
 garbage-first heap   total 110592K, used 32298K [0x0000000760c00000, 0x0000000800000000)
  region size 2048K, 1 young (2048K), 0 survivors (0K)
 Metaspace       used 45275K, committed 45760K, reserved 1089536K
  class space    used 6135K, committed 6336K, reserved 1048576K
}
Event: 4832.463 GC heap after
{Heap after GC invocations=501 (full 463):
 garbage-first heap   total 110592K, used 32298K [0x0000000760c00000, 0x0000000800000000)
  region size 2048K, 0 young (0K), 0 survivors (0K)
 Metaspace       used 45275K, committed 45760K, reserved 1089536K
  class space    used 6135K, committed 6336K, reserved 1048576K
}
Event: 4842.678 GC heap before
{Heap before GC invocations=501 (full 463):
 garbage-first heap   total 110592K, used 32298K [0x0000000760c00000, 0x0000000800000000)
  region size 2048K, 1 young (2048K), 0 survivors (0K)
 Metaspace       used 45275K, committed 45760K, reserved 1089536K
  class space    used 6135K, committed 6336K, reserved 1048576K
}
Event: 4842.722 GC heap after
{Heap after GC invocations=502 (full 464):
 garbage-first heap   total 110592K, used 32298K [0x0000000760c00000, 0x0000000800000000)
  region size 2048K, 0 young (0K), 0 survivors (0K)
 Metaspace       used 45275K, committed 45760K, reserved 1089536K
  class space    used 6135K, committed 6336K, reserved 1048576K
}
Event: 4852.962 GC heap before
{Heap before GC invocations=502 (full 464):
 garbage-first heap   total 110592K, used 32298K [0x0000000760c00000, 0x0000000800000000)
  region size 2048K, 1 young (2048K), 0 survivors (0K)
 Metaspace       used 45275K, committed 45760K, reserved 1089536K
  class space    used 6135K, committed 6336K, reserved 1048576K
}
Event: 4853.014 GC heap after
{Heap after GC invocations=503 (full 465):
 garbage-first heap   total 110592K, used 32298K [0x0000000760c00000, 0x0000000800000000)
  region size 2048K, 0 young (0K), 0 survivors (0K)
 Metaspace       used 45275K, committed 45760K, reserved 1089536K
  class space    used 6135K, committed 6336K, reserved 1048576K
}
Event: 4863.250 GC heap before
{Heap before GC invocations=503 (full 465):
 garbage-first heap   total 110592K, used 32298K [0x0000000760c00000, 0x0000000800000000)
  region size 2048K, 1 young (2048K), 0 survivors (0K)
 Metaspace       used 45275K, committed 45760K, reserved 1089536K
  class space    used 6135K, committed 6336K, reserved 1048576K
}
Event: 4863.301 GC heap after
{Heap after GC invocations=504 (full 466):
 garbage-first heap   total 110592K, used 32298K [0x0000000760c00000, 0x0000000800000000)
  region size 2048K, 0 young (0K), 0 survivors (0K)
 Metaspace       used 45275K, committed 45760K, reserved 1089536K
  class space    used 6135K, committed 6336K, reserved 1048576K
}
Event: 4873.524 GC heap before
{Heap before GC invocations=504 (full 466):
 garbage-first heap   total 110592K, used 32298K [0x0000000760c00000, 0x0000000800000000)
  region size 2048K, 1 young (2048K), 0 survivors (0K)
 Metaspace       used 45275K, committed 45760K, reserved 1089536K
  class space    used 6135K, committed 6336K, reserved 1048576K
}
Event: 4873.570 GC heap after
{Heap after GC invocations=505 (full 467):
 garbage-first heap   total 110592K, used 32298K [0x0000000760c00000, 0x0000000800000000)
  region size 2048K, 0 young (0K), 0 survivors (0K)
 Metaspace       used 45275K, committed 45760K, reserved 1089536K
  class space    used 6135K, committed 6336K, reserved 1048576K
}
Event: 4883.894 GC heap before
{Heap before GC invocations=505 (full 467):
 garbage-first heap   total 110592K, used 32298K [0x0000000760c00000, 0x0000000800000000)
  region size 2048K, 1 young (2048K), 0 survivors (0K)
 Metaspace       used 45275K, committed 45760K, reserved 1089536K
  class space    used 6135K, committed 6336K, reserved 1048576K
}
Event: 4883.947 GC heap after
{Heap after GC invocations=506 (full 468):
 garbage-first heap   total 110592K, used 32298K [0x0000000760c00000, 0x0000000800000000)
  region size 2048K, 0 young (0K), 0 survivors (0K)
 Metaspace       used 45275K, committed 45760K, reserved 1089536K
  class space    used 6135K, committed 6336K, reserved 1048576K
}
Event: 4895.977 GC heap before
{Heap before GC invocations=506 (full 468):
 garbage-first heap   total 110592K, used 32298K [0x0000000760c00000, 0x0000000800000000)
  region size 2048K, 1 young (2048K), 0 survivors (0K)
 Metaspace       used 45275K, committed 45760K, reserved 1089536K
  class space    used 6135K, committed 6336K, reserved 1048576K
}
Event: 4896.058 GC heap after
{Heap after GC invocations=507 (full 469):
 garbage-first heap   total 110592K, used 32298K [0x0000000760c00000, 0x0000000800000000)
  region size 2048K, 0 young (0K), 0 survivors (0K)
 Metaspace       used 45275K, committed 45760K, reserved 1089536K
  class space    used 6135K, committed 6336K, reserved 1048576K
}
Event: 4906.616 GC heap before
{Heap before GC invocations=507 (full 469):
 garbage-first heap   total 110592K, used 32298K [0x0000000760c00000, 0x0000000800000000)
  region size 2048K, 1 young (2048K), 0 survivors (0K)
 Metaspace       used 45275K, committed 45760K, reserved 1089536K
  class space    used 6135K, committed 6336K, reserved 1048576K
}
Event: 4906.704 GC heap after
{Heap after GC invocations=508 (full 470):
 garbage-first heap   total 110592K, used 32298K [0x0000000760c00000, 0x0000000800000000)
  region size 2048K, 0 young (0K), 0 survivors (0K)
 Metaspace       used 45275K, committed 45760K, reserved 1089536K
  class space    used 6135K, committed 6336K, reserved 1048576K
}

Deoptimization events (20 events):
Event: 17.851 Thread 0x0000022ef0cc2020 DEOPT PACKING pc=0x0000022ee3d29f13 sp=0x000000c0101fe880
Event: 17.851 Thread 0x0000022ef0cc2020 DEOPT UNPACKING pc=0x0000022ee3692b43 sp=0x000000c0101fddc8 mode 3
Event: 18.413 Thread 0x0000022ef1f8fbe0 DEOPT PACKING pc=0x0000022ee3b81f89 sp=0x000000c0109fea80
Event: 18.413 Thread 0x0000022ef1f8fbe0 DEOPT UNPACKING pc=0x0000022ee3692b43 sp=0x000000c0109fdf10 mode 3
Event: 19.760 Thread 0x0000022ef1dbcfd0 DEOPT PACKING pc=0x0000022ee3ec786d sp=0x000000c0117fd8b0
Event: 19.760 Thread 0x0000022ef1dbcfd0 DEOPT UNPACKING pc=0x0000022ee3692b43 sp=0x000000c0117fcdd8 mode 3
Event: 20.671 Thread 0x0000022ef1dbde40 DEOPT PACKING pc=0x0000022ee3b7a51f sp=0x000000c0112fee40
Event: 20.671 Thread 0x0000022ef1dbde40 DEOPT UNPACKING pc=0x0000022ee3692b43 sp=0x000000c0112fe298 mode 3
Event: 20.905 Thread 0x0000022ef1dbcfd0 DEOPT PACKING pc=0x0000022ee3caef3c sp=0x000000c0117f86b0
Event: 20.905 Thread 0x0000022ef1dbcfd0 DEOPT UNPACKING pc=0x0000022ee3692b43 sp=0x000000c0117f7b30 mode 3
Event: 31.419 Thread 0x0000022ef0cc2020 DEOPT PACKING pc=0x0000022ee3b5bfe2 sp=0x000000c0101fd910
Event: 31.419 Thread 0x0000022ef0cc2020 DEOPT UNPACKING pc=0x0000022ee3692b43 sp=0x000000c0101fce18 mode 3
Event: 32.451 Thread 0x0000022ef0cc2020 DEOPT PACKING pc=0x0000022ee42ceb3c sp=0x000000c0101fe140
Event: 32.451 Thread 0x0000022ef0cc2020 DEOPT UNPACKING pc=0x0000022ee3692b43 sp=0x000000c0101fd638 mode 0
Event: 32.451 Thread 0x0000022ef0cc2020 DEOPT PACKING pc=0x0000022ee42e69b4 sp=0x000000c0101fe210
Event: 32.451 Thread 0x0000022ef0cc2020 DEOPT UNPACKING pc=0x0000022ee3692b43 sp=0x000000c0101fd6e8 mode 0
Event: 32.451 Thread 0x0000022ef0cc2020 DEOPT PACKING pc=0x0000022ee428857c sp=0x000000c0101fe2c0
Event: 32.451 Thread 0x0000022ef0cc2020 DEOPT UNPACKING pc=0x0000022ee3692b43 sp=0x000000c0101fd840 mode 0
Event: 32.452 Thread 0x0000022ef0cc2020 DEOPT PACKING pc=0x0000022ee42ba89c sp=0x000000c0101fe5c0
Event: 32.452 Thread 0x0000022ef0cc2020 DEOPT UNPACKING pc=0x0000022ee3692b43 sp=0x000000c0101fda50 mode 0

Classes unloaded (20 events):
Event: 120.163 Thread 0x0000022eef854650 Unloading class 0x00000008000c8000 'java/lang/invoke/LambdaForm$MH+0x00000008000c8000'
Event: 130.460 Thread 0x0000022eef854650 Unloading class 0x0000000800629400 'java/lang/invoke/LambdaForm$DMH+0x0000000800629400'
Event: 130.460 Thread 0x0000022eef854650 Unloading class 0x0000000800626c00 'jdk/internal/reflect/GeneratedConstructorAccessor29'
Event: 130.460 Thread 0x0000022eef854650 Unloading class 0x0000000800626800 'jdk/internal/reflect/GeneratedConstructorAccessor28'
Event: 130.460 Thread 0x0000022eef854650 Unloading class 0x0000000800626400 'jdk/internal/reflect/GeneratedConstructorAccessor27'
Event: 130.460 Thread 0x0000022eef854650 Unloading class 0x0000000800626000 'jdk/internal/reflect/GeneratedConstructorAccessor26'
Event: 130.460 Thread 0x0000022eef854650 Unloading class 0x0000000800625800 'jdk/internal/reflect/GeneratedConstructorAccessor24'
Event: 130.460 Thread 0x0000022eef854650 Unloading class 0x0000000800625400 'jdk/internal/reflect/GeneratedConstructorAccessor23'
Event: 130.460 Thread 0x0000022eef854650 Unloading class 0x0000000800625000 'jdk/internal/reflect/GeneratedConstructorAccessor22'
Event: 130.460 Thread 0x0000022eef854650 Unloading class 0x0000000800624c00 'jdk/internal/reflect/GeneratedConstructorAccessor21'
Event: 130.460 Thread 0x0000022eef854650 Unloading class 0x0000000800624800 'jdk/internal/reflect/GeneratedConstructorAccessor20'
Event: 130.460 Thread 0x0000022eef854650 Unloading class 0x0000000800624400 'jdk/internal/reflect/GeneratedConstructorAccessor19'
Event: 130.460 Thread 0x0000022eef854650 Unloading class 0x00000008005e4000 'jdk/internal/reflect/GeneratedMethodAccessor28'
Event: 130.460 Thread 0x0000022eef854650 Unloading class 0x00000008004ebc00 'java/lang/invoke/LambdaForm$MH+0x00000008004ebc00'
Event: 130.460 Thread 0x0000022eef854650 Unloading class 0x00000008004eb800 'java/lang/invoke/LambdaForm$MH+0x00000008004eb800'
Event: 130.460 Thread 0x0000022eef854650 Unloading class 0x00000008004eb400 'java/lang/invoke/LambdaForm$MH+0x00000008004eb400'
Event: 130.460 Thread 0x0000022eef854650 Unloading class 0x00000008004eb000 'java/lang/invoke/LambdaForm$MH+0x00000008004eb000'
Event: 130.460 Thread 0x0000022eef854650 Unloading class 0x00000008004eac00 'java/lang/invoke/LambdaForm$MH+0x00000008004eac00'
Event: 130.460 Thread 0x0000022eef854650 Unloading class 0x00000008004ea800 'java/lang/invoke/LambdaForm$MH+0x00000008004ea800'
Event: 130.460 Thread 0x0000022eef854650 Unloading class 0x0000000800311400 'java/lang/invoke/LambdaForm$MH+0x0000000800311400'

Classes redefined (0 events):
No events

Internal exceptions (20 events):
Event: 30.654 Thread 0x0000022ef40d7ed0 Exception <a 'sun/nio/fs/WindowsException'{0x000000077b65f968}> (0x000000077b65f968) 
thrown [e:\jenkins\tmp\workspace\build\src\src\hotspot\share\prims\jni.cpp, line 516]
Event: 30.654 Thread 0x0000022ef40d7ed0 Exception <a 'sun/nio/fs/WindowsException'{0x000000077b660358}> (0x000000077b660358) 
thrown [e:\jenkins\tmp\workspace\build\src\src\hotspot\share\prims\jni.cpp, line 516]
Event: 30.654 Thread 0x0000022ef40d7ed0 Exception <a 'sun/nio/fs/WindowsException'{0x000000077b660700}> (0x000000077b660700) 
thrown [e:\jenkins\tmp\workspace\build\src\src\hotspot\share\prims\jni.cpp, line 516]
Event: 30.655 Thread 0x0000022ef40d7ed0 Exception <a 'sun/nio/fs/WindowsException'{0x000000077b661100}> (0x000000077b661100) 
thrown [e:\jenkins\tmp\workspace\build\src\src\hotspot\share\prims\jni.cpp, line 516]
Event: 30.656 Thread 0x0000022ef40d7ed0 Exception <a 'sun/nio/fs/WindowsException'{0x000000077b6614c0}> (0x000000077b6614c0) 
thrown [e:\jenkins\tmp\workspace\build\src\src\hotspot\share\prims\jni.cpp, line 516]
Event: 30.656 Thread 0x0000022ef40d7ed0 Exception <a 'sun/nio/fs/WindowsException'{0x000000077b661ec0}> (0x000000077b661ec0) 
thrown [e:\jenkins\tmp\workspace\build\src\src\hotspot\share\prims\jni.cpp, line 516]
Event: 30.656 Thread 0x0000022ef40d7ed0 Exception <a 'sun/nio/fs/WindowsException'{0x000000077b662270}> (0x000000077b662270) 
thrown [e:\jenkins\tmp\workspace\build\src\src\hotspot\share\prims\jni.cpp, line 516]
Event: 30.656 Thread 0x0000022ef40d7ed0 Exception <a 'sun/nio/fs/WindowsException'{0x000000077b662c70}> (0x000000077b662c70) 
thrown [e:\jenkins\tmp\workspace\build\src\src\hotspot\share\prims\jni.cpp, line 516]
Event: 30.656 Thread 0x0000022ef40d7ed0 Exception <a 'sun/nio/fs/WindowsException'{0x000000077b663030}> (0x000000077b663030) 
thrown [e:\jenkins\tmp\workspace\build\src\src\hotspot\share\prims\jni.cpp, line 516]
Event: 30.656 Thread 0x0000022ef40d7ed0 Exception <a 'sun/nio/fs/WindowsException'{0x000000077b663a58}> (0x000000077b663a58) 
thrown [e:\jenkins\tmp\workspace\build\src\src\hotspot\share\prims\jni.cpp, line 516]
Event: 30.657 Thread 0x0000022ef40d7ed0 Exception <a 'sun/nio/fs/WindowsException'{0x000000077b663e38}> (0x000000077b663e38) 
thrown [e:\jenkins\tmp\workspace\build\src\src\hotspot\share\prims\jni.cpp, line 516]
Event: 30.657 Thread 0x0000022ef40d7ed0 Exception <a 'sun/nio/fs/WindowsException'{0x000000077b664870}> (0x000000077b664870) 
thrown [e:\jenkins\tmp\workspace\build\src\src\hotspot\share\prims\jni.cpp, line 516]
Event: 30.658 Thread 0x0000022ef40d7ed0 Exception <a 'sun/nio/fs/WindowsException'{0x000000077b664c60}> (0x000000077b664c60) 
thrown [e:\jenkins\tmp\workspace\build\src\src\hotspot\share\prims\jni.cpp, line 516]
Event: 30.658 Thread 0x0000022ef40d7ed0 Exception <a 'sun/nio/fs/WindowsException'{0x000000077b665688}> (0x000000077b665688) 
thrown [e:\jenkins\tmp\workspace\build\src\src\hotspot\share\prims\jni.cpp, line 516]
Event: 30.658 Thread 0x0000022ef40d7ed0 Exception <a 'sun/nio/fs/WindowsException'{0x000000077b665a78}> (0x000000077b665a78) 
thrown [e:\jenkins\tmp\workspace\build\src\src\hotspot\share\prims\jni.cpp, line 516]
Event: 68.285 Thread 0x0000022ef1dbc160 Exception <a 'java/lang/NoSuchMethodError'{0x00000007812fc988}: 'void java.lang.invoke.DirectMethodHandle$Holder.invokeStatic(java.lang.Object, long)'> (0x00000007812fc988) 
thrown [e:\jenkins\tmp\workspace\build\src\src\hotspot\share\interpreter\linkResolver.cpp, line 766]
Event: 68.286 Thread 0x0000022ef1dbc160 Exception <a 'java/lang/NoSuchMethodError'{0x0000000781301d30}: 'java.lang.Object java.lang.invoke.DirectMethodHandle$Holder.newInvokeSpecial(java.lang.Object, long)'> (0x0000000781301d30) 
thrown [e:\jenkins\tmp\workspace\build\src\src\hotspot\share\interpreter\linkResolver.cpp, line 766]
Event: 68.290 Thread 0x0000022ef1dbc160 Exception <a 'java/lang/NoSuchMethodError'{0x0000000781308590}: 'java.lang.Object java.lang.invoke.DirectMethodHandle$Holder.invokeStatic(java.lang.Object, java.lang.Object, long, java.lang.Object)'> (0x0000000781308590) 
thrown [e:\jenkins\tmp\workspace\build\src\src\hotspot\share\interpreter\linkResolver.cpp, line 766]
Event: 68.291 Thread 0x0000022ef1dbc160 Exception <a 'java/lang/NoSuchMethodError'{0x000000078130bd68}: 'java.lang.Object java.lang.invoke.DirectMethodHandle$Holder.invokeStaticInit(java.lang.Object, java.lang.Object, long, java.lang.Object)'> (0x000000078130bd68) 
thrown [e:\jenkins\tmp\workspace\build\src\src\hotspot\share\interpreter\linkResolver.cpp, line 766]
Event: 68.292 Thread 0x0000022ef1dbc160 Exception <a 'java/lang/NoSuchMethodError'{0x0000000781312098}: 'java.lang.Object java.lang.invoke.DirectMethodHandle$Holder.newInvokeSpecial(java.lang.Object, java.lang.Object, long)'> (0x0000000781312098) 
thrown [e:\jenkins\tmp\workspace\build\src\src\hotspot\share\interpreter\linkResolver.cpp, line 766]

VM Operations (20 events):
Event: 4811.872 Executing VM operation: G1CollectFull done
Event: 4822.116 Executing VM operation: G1CollectFull
Event: 4822.159 Executing VM operation: G1CollectFull done
Event: 4832.415 Executing VM operation: G1CollectFull
Event: 4832.463 Executing VM operation: G1CollectFull done
Event: 4842.678 Executing VM operation: G1CollectFull
Event: 4842.722 Executing VM operation: G1CollectFull done
Event: 4852.962 Executing VM operation: G1CollectFull
Event: 4853.014 Executing VM operation: G1CollectFull done
Event: 4863.249 Executing VM operation: G1CollectFull
Event: 4863.301 Executing VM operation: G1CollectFull done
Event: 4873.524 Executing VM operation: G1CollectFull
Event: 4873.570 Executing VM operation: G1CollectFull done
Event: 4883.894 Executing VM operation: G1CollectFull
Event: 4883.947 Executing VM operation: G1CollectFull done
Event: 4895.976 Executing VM operation: G1CollectFull
Event: 4896.058 Executing VM operation: G1CollectFull done
Event: 4906.616 Executing VM operation: G1CollectFull
Event: 4906.704 Executing VM operation: G1CollectFull done
Event: 4917.348 Executing VM operation: G1CollectFull

Events (20 events):
Event: 68.275 loading class java/lang/Process done
Event: 68.275 loading class java/lang/ProcessImpl done
Event: 68.287 loading class java/lang/ProcessHandleImpl
Event: 68.287 loading class java/lang/ProcessHandle
Event: 68.288 loading class java/lang/ProcessHandle done
Event: 68.288 loading class java/lang/ProcessHandleImpl done
Event: 68.293 loading class java/lang/ProcessImpl$2
Event: 68.293 loading class java/lang/ProcessImpl$2 done
Event: 68.293 loading class java/lang/Process$PipeInputStream
Event: 68.293 loading class java/lang/Process$PipeInputStream done
Event: 68.297 loading class jdk/internal/event/ProcessStartEvent
Event: 68.298 loading class jdk/internal/event/ProcessStartEvent done
Event: 68.586 loading class java/io/FileOutputStream$1
Event: 68.586 loading class java/io/FileOutputStream$1 done
Event: 82.985 Thread 0x0000022ef410c2e0 Thread exited: 0x0000022ef410c2e0
Event: 83.001 Thread 0x0000022ef410e490 Thread exited: 0x0000022ef410e490
Event: 92.747 Thread 0x0000022ef0cc2020 Thread exited: 0x0000022ef0cc2020
Event: 95.237 Thread 0x0000022ef4108920 Thread exited: 0x0000022ef4108920
Event: 98.006 Thread 0x0000022ef410f7d0 Thread exited: 0x0000022ef410f7d0
Event: 152.760 Thread 0x0000022ef410dfc0 Thread exited: 0x0000022ef410dfc0


Dynamic libraries:
0x00007ff6bd360000 - 0x00007ff6bd36e000 	c:\Users\reybe\.vscode\extensions\redhat.java-1.9.0-win32-x64\jre\17.0.3-win32-x86_64\bin\java.exe
0x00007ffefd330000 - 0x00007ffefd528000 	C:\Windows\SYSTEM32\ntdll.dll
0x00007ffefcc10000 - 0x00007ffefcccd000 	C:\Windows\System32\KERNEL32.DLL
0x00007ffefabb0000 - 0x00007ffefae7e000 	C:\Windows\System32\KERNELBASE.dll
0x00007ffefaed0000 - 0x00007ffefafd0000 	C:\Windows\System32\ucrtbase.dll
0x00007ffef3950000 - 0x00007ffef3968000 	c:\Users\reybe\.vscode\extensions\redhat.java-1.9.0-win32-x64\jre\17.0.3-win32-x86_64\bin\jli.dll
0x00007ffefc090000 - 0x00007ffefc230000 	C:\Windows\System32\USER32.dll
0x00007ffefaa50000 - 0x00007ffefaa72000 	C:\Windows\System32\win32u.dll
0x00007ffefbf50000 - 0x00007ffefbf7a000 	C:\Windows\System32\GDI32.dll
0x00007ffefafd0000 - 0x00007ffefb0db000 	C:\Windows\System32\gdi32full.dll
0x00007ffefb2f0000 - 0x00007ffefb38d000 	C:\Windows\System32\msvcp_win.dll
0x00007ffee8360000 - 0x00007ffee8379000 	c:\Users\reybe\.vscode\extensions\redhat.java-1.9.0-win32-x64\jre\17.0.3-win32-x86_64\bin\VCRUNTIME140.dll
0x00007ffee8ab0000 - 0x00007ffee8d4a000 	C:\Windows\WinSxS\amd64_microsoft.windows.common-controls_6595b64144ccf1df_6.0.19041.1110_none_60b5254171f9507e\COMCTL32.dll
0x00007ffefcfb0000 - 0x00007ffefd04e000 	C:\Windows\System32\msvcrt.dll
0x00007ffefc230000 - 0x00007ffefc260000 	C:\Windows\System32\IMM32.DLL
0x00007ffef39c0000 - 0x00007ffef39cc000 	c:\Users\reybe\.vscode\extensions\redhat.java-1.9.0-win32-x64\jre\17.0.3-win32-x86_64\bin\vcruntime140_1.dll
0x00007ffedbfc0000 - 0x00007ffedc051000 	c:\Users\reybe\.vscode\extensions\redhat.java-1.9.0-win32-x64\jre\17.0.3-win32-x86_64\bin\msvcp140.dll
0x00007ffeafa10000 - 0x00007ffeb0658000 	c:\Users\reybe\.vscode\extensions\redhat.java-1.9.0-win32-x64\jre\17.0.3-win32-x86_64\bin\server\jvm.dll
0x00007ffefbea0000 - 0x00007ffefbf4e000 	C:\Windows\System32\ADVAPI32.dll
0x00007ffefcb70000 - 0x00007ffefcc0c000 	C:\Windows\System32\sechost.dll
0x00007ffefc260000 - 0x00007ffefc385000 	C:\Windows\System32\RPCRT4.dll
0x00007ffefbe90000 - 0x00007ffefbe98000 	C:\Windows\System32\PSAPI.DLL
0x00007ffef3940000 - 0x00007ffef3949000 	C:\Windows\SYSTEM32\WSOCK32.dll
0x00007ffefbae0000 - 0x00007ffefbb4b000 	C:\Windows\System32\WS2_32.dll
0x00007ffef12e0000 - 0x00007ffef1307000 	C:\Windows\SYSTEM32\WINMM.dll
0x00007ffef3850000 - 0x00007ffef385a000 	C:\Windows\SYSTEM32\VERSION.dll
0x00007ffef8950000 - 0x00007ffef8962000 	C:\Windows\SYSTEM32\kernel.appcore.dll
0x00007ffee8350000 - 0x00007ffee835a000 	c:\Users\reybe\.vscode\extensions\redhat.java-1.9.0-win32-x64\jre\17.0.3-win32-x86_64\bin\jimage.dll
0x00007ffee4470000 - 0x00007ffee4654000 	C:\Windows\SYSTEM32\DBGHELP.DLL
0x00007ffee5a50000 - 0x00007ffee5a7c000 	C:\Windows\SYSTEM32\dbgcore.DLL
0x00007ffefaa80000 - 0x00007ffefab02000 	C:\Windows\System32\bcryptPrimitives.dll
0x00007ffedf8b0000 - 0x00007ffedf8d5000 	c:\Users\reybe\.vscode\extensions\redhat.java-1.9.0-win32-x64\jre\17.0.3-win32-x86_64\bin\java.dll
0x00007ffee3250000 - 0x00007ffee3268000 	c:\Users\reybe\.vscode\extensions\redhat.java-1.9.0-win32-x64\jre\17.0.3-win32-x86_64\bin\zip.dll
0x00007ffefb390000 - 0x00007ffefbad4000 	C:\Windows\System32\SHELL32.dll
0x00007ffef8b50000 - 0x00007ffef92e4000 	C:\Windows\SYSTEM32\windows.storage.dll
0x00007ffefc390000 - 0x00007ffefc6e4000 	C:\Windows\System32\combase.dll
0x00007ffefa4b0000 - 0x00007ffefa4e0000 	C:\Windows\SYSTEM32\Wldp.dll
0x00007ffefbf80000 - 0x00007ffefc02d000 	C:\Windows\System32\SHCORE.dll
0x00007ffefd280000 - 0x00007ffefd2d5000 	C:\Windows\System32\shlwapi.dll
0x00007ffefa990000 - 0x00007ffefa9af000 	C:\Windows\SYSTEM32\profapi.dll
0x00007ffee1fe0000 - 0x00007ffee1ff9000 	C:\Users\reybe\.vscode\extensions\redhat.java-1.9.0-win32-x64\jre\17.0.3-win32-x86_64\bin\net.dll
0x00007ffeec1c0000 - 0x00007ffeec2ca000 	C:\Windows\SYSTEM32\WINHTTP.dll
0x00007ffefa210000 - 0x00007ffefa27a000 	C:\Windows\system32\mswsock.dll
0x00007ffedf360000 - 0x00007ffedf375000 	C:\Users\reybe\.vscode\extensions\redhat.java-1.9.0-win32-x64\jre\17.0.3-win32-x86_64\bin\nio.dll
0x00007ffee77c0000 - 0x00007ffee77d0000 	c:\Users\reybe\.vscode\extensions\redhat.java-1.9.0-win32-x64\jre\17.0.3-win32-x86_64\bin\verify.dll
0x00007ffeeefe0000 - 0x00007ffeeefe9000 	C:\Users\reybe\.vscode\extensions\redhat.java-1.9.0-win32-x64\jre\17.0.3-win32-x86_64\bin\management.dll
0x00007ffee2b00000 - 0x00007ffee2b0b000 	C:\Users\reybe\.vscode\extensions\redhat.java-1.9.0-win32-x64\jre\17.0.3-win32-x86_64\bin\management_ext.dll
0x00007ffedfe50000 - 0x00007ffedfe67000 	C:\Windows\system32\napinsp.dll
0x00007ffedfe30000 - 0x00007ffedfe4b000 	C:\Windows\system32\pnrpnsp.dll
0x00007ffedf540000 - 0x00007ffedf555000 	C:\Windows\system32\wshbth.dll
0x00007ffef6440000 - 0x00007ffef645d000 	C:\Windows\system32\NLAapi.dll
0x00007ffef9e90000 - 0x00007ffef9ecb000 	C:\Windows\SYSTEM32\IPHLPAPI.DLL
0x00007ffef9ed0000 - 0x00007ffef9f9a000 	C:\Windows\SYSTEM32\DNSAPI.dll
0x00007ffefd2e0000 - 0x00007ffefd2e8000 	C:\Windows\System32\NSI.dll
0x00007ffedf520000 - 0x00007ffedf532000 	C:\Windows\System32\winrnr.dll
0x00007ffeebca0000 - 0x00007ffeebcaa000 	C:\Windows\System32\rasadhlp.dll
0x00007ffee9860000 - 0x00007ffee98e0000 	C:\Windows\System32\fwpuclnt.dll
0x00007ffefab80000 - 0x00007ffefaba7000 	C:\Windows\System32\bcrypt.dll
0x00007ffefa400000 - 0x00007ffefa418000 	C:\Windows\SYSTEM32\CRYPTSP.dll
0x00007ffef9b20000 - 0x00007ffef9b54000 	C:\Windows\system32\rsaenh.dll
0x00007ffefa950000 - 0x00007ffefa97e000 	C:\Windows\SYSTEM32\USERENV.dll
0x00007ffefa420000 - 0x00007ffefa42c000 	C:\Windows\SYSTEM32\CRYPTBASE.dll
0x00007ffef3690000 - 0x00007ffef36a7000 	C:\Windows\SYSTEM32\dhcpcsvc6.DLL
0x00007ffef40d0000 - 0x00007ffef40ed000 	C:\Windows\SYSTEM32\dhcpcsvc.DLL

dbghelp: loaded successfully - version: 4.0.5 - missing functions: none
symbol engine: initialized successfully - sym options: 0x614 - pdb path: .;c:\Users\reybe\.vscode\extensions\redhat.java-1.9.0-win32-x64\jre\17.0.3-win32-x86_64\bin;C:\Windows\SYSTEM32;C:\Windows\WinSxS\amd64_microsoft.windows.common-controls_6595b64144ccf1df_6.0.19041.1110_none_60b5254171f9507e;c:\Users\reybe\.vscode\extensions\redhat.java-1.9.0-win32-x64\jre\17.0.3-win32-x86_64\bin\server

VM Arguments:
jvm_args: -Dsts.lsp.client=vscode -Dsts.log.file=/dev/null -XX:TieredStopAtLevel=1 -Dspring.config.location=file:c:\Users\reybe\.vscode\extensions\pivotal.vscode-spring-boot-1.38.0\language-server\BOOT-INF\classes\application.properties 
java_command: org.springframework.ide.vscode.boot.app.BootLanguageServerBootApp
java_class_path (initial): c:\Users\reybe\.vscode\extensions\pivotal.vscode-spring-boot-1.38.0\language-server\BOOT-INF\classes;c:\Users\reybe\.vscode\extensions\pivotal.vscode-spring-boot-1.38.0\language-server\BOOT-INF\lib\annotations-23.0.0.jar;c:\Users\reybe\.vscode\extensions\pivotal.vscode-spring-boot-1.38.0\language-server\BOOT-INF\lib\antlr-runtime-3.5.2.jar;c:\Users\reybe\.vscode\extensions\pivotal.vscode-spring-boot-1.38.0\language-server\BOOT-INF\lib\antlr4-4.9.3.jar;c:\Users\reybe\.vscode\extensions\pivotal.vscode-spring-boot-1.38.0\language-server\BOOT-INF\lib\antlr4-runtime-4.9.3.jar;c:\Users\reybe\.vscode\extensions\pivotal.vscode-spring-boot-1.38.0\language-server\BOOT-INF\lib\asm-9.3.jar;c:\Users\reybe\.vscode\extensions\pivotal.vscode-spring-boot-1.38.0\language-server\BOOT-INF\lib\asm-analysis-9.3.jar;c:\Users\reybe\.vscode\extensions\pivotal.vscode-spring-boot-1.38.0\language-server\BOOT-INF\lib\asm-tree-9.3.jar;c:\Users\reybe\.vscode\extensions\pivotal.vscode-spring-boot-1.38.0\language-server\BOOT-INF\lib\asm-util-9.3.jar;c:\Users\reybe\.vscode\extensions\pivotal.vscode-spring-boot-1.38.0\language-server\BOOT-INF\lib\byte-buddy-1.10.18.jar;c:\Users\reybe\.vscode\extensions\pivotal.vscode-spring-boot-1.38.0\language-server\BOOT-INF\lib\caffeine-2.8.6.jar;c:\Users\reybe\.vscode\extensions\pivotal.vscode-spring-boot-1.38.0\language-server\BOOT-INF\lib\checker-qual-3.12.0.jar;c:\Users\reybe\.vscode\extensions\pivotal.vscode-spring-boot-1.38.0\language-server\BOOT-INF\lib\classgraph-4.8.149.jar;c:\Users\reybe\.vscode\extensions\pivotal.vscode-spring-boot-1.38.0\language-server\BOOT-INF\lib\commons-codec-1.14.jar;c:\Users\reybe\.vscode\extensions\pivotal.vscode-spring-boot-1.38.0\language-server\BOOT-INF\lib\commons-compress-1.21.jar;c:\Users\reybe\.vscode\extensions\pivotal.vscode-spring-boot-1.38.0\language-server\BOOT-INF\lib\commons-exec-1.3.jar;c:\Users\reybe\.vscode\extensions\pivotal.vscode-spring-boot-1.38.0\language-server\BOOT-INF\lib\com
Launcher Type: SUN_STANDARD

[Global flags]
     intx CICompilerCount                          = 4                                         {product} {ergonomic}
     uint ConcGCThreads                            = 2                                         {product} {ergonomic}
     uint G1ConcRefinementThreads                  = 8                                         {product} {ergonomic}
   size_t G1HeapRegionSize                         = 2097152                                   {product} {ergonomic}
    uintx GCDrainStackTargetSize                   = 64                                        {product} {ergonomic}
   size_t InitialHeapSize                          = 167772160                                 {product} {ergonomic}
   size_t MarkStackSize                            = 4194304                                   {product} {ergonomic}
   size_t MaxHeapSize                              = 2671771648                                {product} {ergonomic}
   size_t MaxNewSize                               = 1602224128                                {product} {ergonomic}
   size_t MinHeapDeltaBytes                        = 2097152                                   {product} {ergonomic}
   size_t MinHeapSize                              = 8388608                                   {product} {ergonomic}
    uintx NonProfiledCodeHeapSize                  = 0                                      {pd product} {ergonomic}
     bool ProfileInterpreter                       = false                                  {pd product} {command line}
    uintx ProfiledCodeHeapSize                     = 0                                      {pd product} {ergonomic}
   size_t SoftMaxHeapSize                          = 2671771648                             {manageable} {ergonomic}
     intx TieredStopAtLevel                        = 1                                         {product} {command line}
     bool UseCompressedClassPointers               = true                           {product lp64_product} {ergonomic}
     bool UseCompressedOops                        = true                           {product lp64_product} {ergonomic}
     bool UseG1GC                                  = true                                      {product} {ergonomic}
     bool UseLargePagesIndividualAllocation        = false                                  {pd product} {ergonomic}

Logging:
Log output configuration:
 #0: stdout all=warning uptime,level,tags
 #1: stderr all=off uptime,level,tags

Environment Variables:
JAVA_HOME=C:\Program Files\Java\jdk-17.0.4.1
PATH=C:\Program Files\Eclipse Adoptium\jdk-11.0.16.101-hotspot\bin;C:\Program Files\Common Files\Oracle\Java\javapath;C:\Windows\system32;C:\Windows;C:\Windows\System32\Wbem;C:\Windows\System32\WindowsPowerShell\v1.0\;C:\Windows\System32\OpenSSH\;C:\Program Files\dotnet\;C:\Program Files\Git\cmd;C:\Program Files\nodejs\;C:\Users\reybe\AppData\Local\Programs\Python\Python310\Scripts\;C:\Users\reybe\AppData\Local\Programs\Python\Python310\;C:\Users\reybe\AppData\Local\Microsoft\WindowsApps;C:\Users\reybe\.dotnet\tools;C:\Users\reybe\AppData\Local\Programs\Microsoft VS Code\bin;C:\Users\reybe\AppData\Local\GitHubDesktop\bin;C:\Users\reybe\OneDrive\Documentos\apache-maven-3.8.6\bin\mvn;C:\Program Files\Java\jdk-17.0.4.1;C:\Users\reybe\OneDrive\Documentos\apache-maven-3.8.6\bin\mvn;C:\Users\reybe\AppData\Roaming\npm
USERNAME=reybe
OS=Windows_NT
PROCESSOR_IDENTIFIER=AMD64 Family 23 Model 24 Stepping 1, AuthenticAMD



---------------  S Y S T E M  ---------------

OS:
 Windows 10 , 64 bit Build 19041 (10.0.19041.1889)
OS uptime: 5 days 8:44 hours

CPU: total 8 (initial active 8) (8 cores per cpu, 2 threads per core) family 23 model 24 stepping 1 microcode 0x0, cx8, cmov, fxsr, ht, mmx, 3dnowpref, sse, sse2, sse3, ssse3, sse4a, sse4.1, sse4.2, popcnt, lzcnt, tsc, tscinvbit, avx, avx2, aes, clmul, bmi1, bmi2, adx, sha, fma, vzeroupper, clflush, clflushopt

Memory: 4k page, system-wide physical 10187M (1294M free)
TotalPageFile size 27116M (AvailPageFile size 30M)
current process WorkingSet (physical memory assigned to process): 58M, peak: 739M
current process commit charge ("private bytes"): 262M, peak: 769M

vm_info: OpenJDK 64-Bit Server VM (17.0.3+7) for windows-amd64 JRE (17.0.3+7), built on Apr 19 2022 16:55:35 by "" with MS VC++ 16.7 (VS2019)

END.
